<?xml version="1.0" encoding="UTF-8"?>
<!-- Generated by org.testng.reporters.JUnitReportReporter -->
<testsuite hostname="DESKTOP-A51AME8" name="com.apache.urpcase.NewZuzhijiagouCase01" tests="1" failures="0" timestamp="18 Jul 2018 09:07:28 GMT" time="13.587" errors="0">
  <testcase name="zuZhiJiaGou" time="13.587" classname="com.apache.urpcase.NewZuzhijiagouCase01"/>
</testsuite> <!-- com.apache.urpcase.NewZuzhijiagouCase01 -->
