<?xml version="1.0" encoding="UTF-8"?>
<!-- Generated by org.testng.reporters.JUnitReportReporter -->
<testsuite hostname="bad-PC" name="com.apache.urpcase.ZuzhijiagouCase01" tests="1" failures="0" timestamp="20 Jul 2018 03:47:05 GMT" time="25.652" errors="0">
  <testcase name="zuZhiJiaGouCase" time="25.652" classname="com.apache.urpcase.ZuzhijiagouCase01"/>
</testsuite> <!-- com.apache.urpcase.ZuzhijiagouCase01 -->
