<?xml version="1.0" encoding="UTF-8"?>
<!-- Generated by org.testng.reporters.JUnitReportReporter -->
<testsuite hostname="bad-PC" name="com.apache.urpcase.UserZuManageCase" tests="1" failures="0" timestamp="20 Jul 2018 09:20:41 GMT" time="18.995" errors="0">
  <testcase name="userZuManageCase" time="18.995" classname="com.apache.urpcase.UserZuManageCase"/>
</testsuite> <!-- com.apache.urpcase.UserZuManageCase -->
