<?xml version="1.0" encoding="UTF-8"?>
<!-- Generated by org.testng.reporters.JUnitReportReporter -->
<testsuite hostname="bad-PC" name="com.apache.urpcase.ZuzhijiagouCase01" tests="1" failures="0" timestamp="19 Jul 2018 07:28:16 GMT" time="47.011" errors="0">
  <testcase name="zuZhiJiaGou" time="47.011" classname="com.apache.urpcase.ZuzhijiagouCase01"/>
</testsuite> <!-- com.apache.urpcase.ZuzhijiagouCase01 -->
