<?xml version="1.0" encoding="UTF-8"?>
<!-- Generated by org.testng.reporters.JUnitReportReporter -->
<testsuite hostname="bad-PC" name="com.apache.urpcase.ZuzhijiagouCase02" tests="1" failures="0" timestamp="19 Jul 2018 07:01:54 GMT" time="15.460" errors="0">
  <testcase name="zuZhiJiaGou" time="15.460" classname="com.apache.urpcase.ZuzhijiagouCase02"/>
</testsuite> <!-- com.apache.urpcase.ZuzhijiagouCase02 -->
