<?xml version="1.0" encoding="UTF-8"?>
<!-- Generated by org.testng.reporters.JUnitReportReporter -->
<testsuite hostname="DESKTOP-A51AME8" name="com.apache.urpcase.ZuzhijiagouCase01" tests="2" failures="0" timestamp="18 Jul 2018 09:07:05 GMT" time="15.452" errors="1">
  <testcase name="zuZhiJiaGou3" time="3.725" classname="com.apache.urpcase.ZuzhijiagouCase01"/>
  <testcase name="zuZhiJiaGou" time="11.727" classname="com.apache.urpcase.ZuzhijiagouCase01">
    <error type="org.openqa.selenium.TimeoutException" message="Expected condition failed: Element By.cssSelector: #seachOrgForm &gt; div &gt; input (first) ([[ChromeDriver: chrome on XP (04ae9869a0177816b7ad14150f549904)] -&gt; css selector: #seachOrgForm &gt; div &gt; input]) does not have value=&quot;测试组织名称20180718-573&quot; (tried for 3 second(s) with 500 MILLISECONDS interval)
Build info: version: &#039;3.5.3&#039;, revision: &#039;a88d25fe6b&#039;, time: &#039;2017-08-29T12:42:44.417Z&#039;
System info: host: &#039;DESKTOP-A51AME8&#039;, ip: &#039;10.100.11.43&#039;, os.name: &#039;Windows 10&#039;, os.arch: &#039;amd64&#039;, os.version: &#039;10.0&#039;, java.version: &#039;1.8.0_144&#039;
Driver info: driver.version: unknown">
      <![CDATA[org.openqa.selenium.TimeoutException: Expected condition failed: Element By.cssSelector: #seachOrgForm > div > input (first) ([[ChromeDriver: chrome on XP (04ae9869a0177816b7ad14150f549904)] -> css selector: #seachOrgForm > div > input]) does not have value="测试组织名称20180718-573" (tried for 3 second(s) with 500 MILLISECONDS interval)
Build info: version: '3.5.3', revision: 'a88d25fe6b', time: '2017-08-29T12:42:44.417Z'
System info: host: 'DESKTOP-A51AME8', ip: '10.100.11.43', os.name: 'Windows 10', os.arch: 'amd64', os.version: '10.0', java.version: '1.8.0_144'
Driver info: driver.version: unknown
	at org.openqa.selenium.support.ui.FluentWait.timeoutException(FluentWait.java:264)
	at org.openqa.selenium.support.ui.FluentWait.until(FluentWait.java:232)
	at org.fluentlenium.core.wait.FluentWait.untilPredicate(FluentWait.java:131)
	at org.fluentlenium.core.conditions.wait.WaitConditionInvocationHandler.until(WaitConditionInvocationHandler.java:139)
	at org.fluentlenium.core.conditions.wait.WaitConditionInvocationHandler.until(WaitConditionInvocationHandler.java:170)
	at org.fluentlenium.core.conditions.wait.WaitConditionInvocationHandler.waitForCondition(WaitConditionInvocationHandler.java:207)
	at org.fluentlenium.core.conditions.wait.WaitConditionInvocationHandler.invoke(WaitConditionInvocationHandler.java:185)
	at com.sun.proxy.$Proxy20.value(Unknown Source)
	at com.apache.urp.page.ZuZhiJiaGouPage.selectByZuzhimingcheng(ZuZhiJiaGouPage.java:71)
	at com.apache.urp.UrpOrgFluentTest.addZuZhiJiaGou(UrpOrgFluentTest.java:55)
	at com.apache.urpcase.ZuzhijiagouCase01.zuZhiJiaGou(ZuzhijiagouCase01.java:50)
	at sun.reflect.NativeMethodAccessorImpl.invoke0(Native Method)
	at sun.reflect.NativeMethodAccessorImpl.invoke(NativeMethodAccessorImpl.java:62)
	at sun.reflect.DelegatingMethodAccessorImpl.invoke(DelegatingMethodAccessorImpl.java:43)
	at java.lang.reflect.Method.invoke(Method.java:498)
	at org.testng.internal.MethodInvocationHelper.invokeMethod(MethodInvocationHelper.java:85)
	at org.testng.internal.Invoker.invokeMethod(Invoker.java:639)
	at org.testng.internal.Invoker.invokeTestMethod(Invoker.java:816)
	at org.testng.internal.Invoker.invokeTestMethods(Invoker.java:1124)
	at org.testng.internal.TestMethodWorker.invokeTestMethods(TestMethodWorker.java:125)
	at org.testng.internal.TestMethodWorker.run(TestMethodWorker.java:108)
	at org.testng.TestRunner.privateRun(TestRunner.java:774)
	at org.testng.TestRunner.run(TestRunner.java:624)
	at org.testng.SuiteRunner.runTest(SuiteRunner.java:359)
	at org.testng.SuiteRunner.runSequentially(SuiteRunner.java:354)
	at org.testng.SuiteRunner.privateRun(SuiteRunner.java:312)
	at org.testng.SuiteRunner.run(SuiteRunner.java:261)
	at org.testng.SuiteRunnerWorker.runSuite(SuiteRunnerWorker.java:52)
	at org.testng.SuiteRunnerWorker.run(SuiteRunnerWorker.java:86)
	at org.testng.TestNG.runSuitesSequentially(TestNG.java:1215)
	at org.testng.TestNG.runSuitesLocally(TestNG.java:1140)
	at org.testng.TestNG.run(TestNG.java:1048)
	at org.testng.remote.AbstractRemoteTestNG.run(AbstractRemoteTestNG.java:114)
	at org.testng.remote.RemoteTestNG.initAndRun(RemoteTestNG.java:251)
	at org.testng.remote.RemoteTestNG.main(RemoteTestNG.java:77)
]]>
    </error>
  </testcase> <!-- zuZhiJiaGou -->
</testsuite> <!-- com.apache.urpcase.ZuzhijiagouCase01 -->
