<?xml version="1.0" encoding="UTF-8"?>
<!-- Generated by org.testng.reporters.JUnitReportReporter -->
<testsuite hostname="Tinghinck-PC" name="com.apache.urpcase.NewZuzhijiagouCase01" tests="1" failures="0" timestamp="18 Jul 2018 12:57:28 GMT" time="15.835" errors="0">
  <testcase name="zuZhiJiaGou" time="15.835" classname="com.apache.urpcase.NewZuzhijiagouCase01"/>
</testsuite> <!-- com.apache.urpcase.NewZuzhijiagouCase01 -->
