<?xml version="1.0" encoding="UTF-8"?>
<!-- Generated by org.testng.reporters.JUnitReportReporter -->
<testsuite hostname="Tinghinck-PC" name="com.apache.urpcase.ZuzhijiagouCase01Huenbin" tests="1" failures="0" timestamp="15 Jul 2018 14:21:06 GMT" time="13.117" errors="0">
  <testcase name="zuZhiJiaGou" time="13.117" classname="com.apache.urpcase.ZuzhijiagouCase01Huenbin"/>
</testsuite> <!-- com.apache.urpcase.ZuzhijiagouCase01Huenbin -->
